[2024-10-09 13:15:32] Console created
[2024-10-09 13:15:32] UE4SS - v3.0.1 Beta #0 - Git SHA #d935b5b
[2024-10-09 13:15:32] UE4SS Build Configuration: Game__Shipping__Win64 (MSVC)
[2024-10-09 13:15:32] Setting up mods...
[2024-10-09 13:15:32] Starting mods (from mods.txt load order)...
[2024-10-09 13:15:32] Starting C++ mod 'AllowModsMod'
[2024-10-09 13:15:32] [AllowModsMod]: Init.
[2024-10-09 13:15:32] [AllowModsMod]: Delegate found and patched.
[2024-10-09 13:15:32] Starting mods (from enabled.txt, no defined load order)...
[2024-10-09 13:15:32] No specific game configuration found, using default configuration file
[2024-10-09 13:15:32] Config: F:\Games\RemnantII\Remnant2\Binaries\Win64\UE4SS-settings.ini

[2024-10-09 13:15:32] root directory: F:\Games\RemnantII\Remnant2\Binaries\Win64
[2024-10-09 13:15:32] working directory: F:\Games\RemnantII\Remnant2\Binaries\Win64
[2024-10-09 13:15:32] game executable directory: F:\Games\RemnantII\Remnant2\Binaries\Win64
[2024-10-09 13:15:32] game executable: F:\Games\RemnantII\Remnant2\Binaries\Win64\Remnant2-Win64-Shipping.exe (133932544 bytes)


[2024-10-09 13:15:32] mods directory: F:\Games\RemnantII\Remnant2\Binaries\Win64\Mods
[2024-10-09 13:15:32] log directory: F:\Games\RemnantII\Remnant2\Binaries\Win64
[2024-10-09 13:15:32] object dumper directory: F:\Games\RemnantII\Remnant2\Binaries\Win64


[2024-10-09 13:15:32] PS Scan attempt 1
[2024-10-09 13:15:32] [PS] Reading image
[2024-10-09 13:15:32] [PS] Starting scan
[2024-10-09 13:15:33] [PS] Scan finished in 290.8598ms
[2024-10-09 13:15:33] [PS] Found GUObjectArray: 0x7ff6684988c0
[2024-10-09 13:15:33] [PS] Found GMalloc: 0x7ff6683b8d08
[2024-10-09 13:15:33] [PS] Found FName::ToString: 0x7ff663124040
[2024-10-09 13:15:33] [PS] Found FName::FName(wchar_t*): 0x7ff663115eb0
[2024-10-09 13:15:33] [PS] Found StaticConstructObject_Internal: 0x7ff6632e1390
[2024-10-09 13:15:33] [PS] Found FText::FText(FString&&): 0x7ff66303fc30
[2024-10-09 13:15:33] PS scan successful
[2024-10-09 13:15:33] Need to construct: /Script/CoreUObject.Class
[2024-10-09 13:15:33] Need to construct: /Script/CoreUObject
[2024-10-09 13:15:33] Need to construct: /Script/CoreUObject.Struct
[2024-10-09 13:15:33] Need to construct: /Script/Engine.Pawn
[2024-10-09 13:15:33] Need to construct: /Script/Engine.Character
[2024-10-09 13:15:33] Need to construct: /Script/Engine.Actor
[2024-10-09 13:15:33] Need to construct: /Script/CoreUObject.Vector
[2024-10-09 13:15:33] Need to construct: /Script/Engine.Default__DefaultPawn
[2024-10-09 13:15:33] Need to construct: /Script/Engine.HitResult
[2024-10-09 13:15:33] Need to construct: /Script/Engine.Default__MaterialExpression
[2024-10-09 13:15:33] Need to construct: /Script/Engine.ActorComponent
[2024-10-09 13:15:33] Need to construct: /Script/CoreUObject.OrientedBox
[2024-10-09 13:15:33] Need to construct: /Script/Engine.MovementComponent
[2024-10-09 13:15:33] Need to construct: /Script/Engine.HUD
[2024-10-09 13:15:33] Need to construct: /Script/Engine.PlayerController
[2024-10-09 13:15:33] Need to construct: /Script/Engine.PlayerCameraManager
[2024-10-09 13:15:33] Need to construct: /Script/CoreUObject.EInterpCurveMode
[2024-10-09 13:15:33] Need to construct: /Script/Engine.ENetRole
[2024-10-09 13:15:33] Need to construct: /Script/MovieScene.MovieSceneEditorData
[2024-10-09 13:15:33] Need to construct: /Script/UMG.Widget
[2024-10-09 13:15:33] Need to construct: /Script/UMG.ComboBoxString
[2024-10-09 13:15:33] Need to construct: /Script/CoreUObject.Interface
[2024-10-09 13:15:33] Need to construct: /Script/CoreUObject.DynamicClass
[2024-10-09 13:15:34] Constructed [1 / 23]: /Script/CoreUObject.Class
[2024-10-09 13:15:34] Constructed [2 / 23]: /Script/CoreUObject
[2024-10-09 13:15:34] Constructed [3 / 23]: /Script/CoreUObject.Struct
[2024-10-09 13:15:34] Constructed [4 / 23]: /Script/Engine.Pawn
[2024-10-09 13:15:34] Constructed [5 / 23]: /Script/Engine.Character
[2024-10-09 13:15:34] Constructed [6 / 23]: /Script/Engine.Actor
[2024-10-09 13:15:34] Constructed [7 / 23]: /Script/Engine.ActorComponent
[2024-10-09 13:15:34] Constructed [8 / 23]: /Script/Engine.MovementComponent
[2024-10-09 13:15:34] Constructed [9 / 23]: /Script/Engine.HUD
[2024-10-09 13:15:34] Constructed [10 / 23]: /Script/Engine.PlayerController
[2024-10-09 13:15:34] Constructed [11 / 23]: /Script/Engine.PlayerCameraManager
[2024-10-09 13:15:34] Constructed [12 / 23]: /Script/UMG.Widget
[2024-10-09 13:15:34] Constructed [13 / 23]: /Script/UMG.ComboBoxString
[2024-10-09 13:15:34] Constructed [14 / 23]: /Script/CoreUObject.Interface
[2024-10-09 13:15:34] Constructed [15 / 23]: /Script/CoreUObject.DynamicClass
[2024-10-09 13:15:35] Constructed [16 / 23]: /Script/CoreUObject.Vector
[2024-10-09 13:15:35] Constructed [17 / 23]: /Script/Engine.HitResult
[2024-10-09 13:15:35] Constructed [18 / 23]: /Script/CoreUObject.OrientedBox
[2024-10-09 13:15:35] Constructed [19 / 23]: /Script/CoreUObject.EInterpCurveMode
[2024-10-09 13:15:35] Constructed [20 / 23]: /Script/Engine.ENetRole
[2024-10-09 13:15:35] Constructed [21 / 23]: /Script/MovieScene.MovieSceneEditorData
[2024-10-09 13:15:36] Constructed [22 / 23]: /Script/Engine.Default__DefaultPawn
[2024-10-09 13:15:36] Constructed [23 / 23]: /Script/Engine.Default__MaterialExpression
[2024-10-09 13:15:36] Constructed 23 of 23 objects
[2024-10-09 13:15:36] ProcessInternal address: 0x7ff6632b6000 <- Built-in
[2024-10-09 13:15:36] ProcessLocalScriptFunction address: 0x7ff6632b60b0 <- Built-in
[2024-10-09 13:15:36] UnrealConfig.FExecVTableOffsetInLocalPlayer: 28
[2024-10-09 13:15:36] Adding GUObjectArray listeners
[2024-10-09 13:15:36] Unreal Engine modules (non-modular):
[2024-10-09 13:15:36] MainExe @ 0x7ff660ad0000 size=0x834a000
[2024-10-09 13:15:36] 
##### MEMBER OFFSETS START #####

[2024-10-09 13:15:36] UObjectBase::ClassPrivate = 0x10
[2024-10-09 13:15:36] UObjectBase::bFindCameraComponentWhenViewTarget = 0x5A
[2024-10-09 13:15:36] UObjectBase::InternalIndex = 0xC
[2024-10-09 13:15:36] UObjectBase::EngineShowFlags = 0xB8
[2024-10-09 13:15:36] UObjectBase::AutoReceiveInput = 0x153
[2024-10-09 13:15:36] UObjectBase::World = 0x78
[2024-10-09 13:15:36] UObjectBase::ObjectFlags = 0x8
[2024-10-09 13:15:36] UObjectBase::OnEndCursorOver = 0x1D6
[2024-10-09 13:15:36] UObjectBase::CustomTimeDilation = 0x64
[2024-10-09 13:15:36] UObjectBase::NamePrivate = 0x18
[2024-10-09 13:15:36] UObjectBase::bAllowTickBeforeBeginPlay = 0x5A
[2024-10-09 13:15:36] UObjectBase::bForceNetAddressable = 0x59
[2024-10-09 13:15:36] UObjectBase::InputPriority = 0x154
[2024-10-09 13:15:36] UObjectBase::OuterPrivate = 0x20
[2024-10-09 13:15:36] UObjectBase::bNetTemporary = 0x58
[2024-10-09 13:15:36] UObjectBase::ActorHasBegunPlay = 0x5D
[2024-10-09 13:15:36] UObjectBase::OnInputTouchEnd = 0x1DA
[2024-10-09 13:15:36] UObjectBase::bHasDeferredComponentRegistration = 0x5C
[2024-10-09 13:15:36] UObjectBase::AttachmentReplication = 0x70
[2024-10-09 13:15:36] UObjectBase::Children = 0x188
[2024-10-09 13:15:36] UObjectBase::DetachFence = 0x280
[2024-10-09 13:15:36] UObjectBase::CreationTime = 0x158
[2024-10-09 13:15:36] UObjectBase::DefaultUpdateOverlapsMethodDuringLevelStreaming = 0x5F
[2024-10-09 13:15:36] UObjectBase::InitialLifeSpan = 0x60
[2024-10-09 13:15:36] UObjectBase::Tags = 0x1C0
[2024-10-09 13:15:36] UObjectBase::InputComponent = 0x160
[2024-10-09 13:15:36] UObjectBase::OnTakePointDamage = 0x1D1
[2024-10-09 13:15:36] UObjectBase::LastRenderTime = 0x17C
[2024-10-09 13:15:36] UObjectBase::RemoteRole = 0x68
[2024-10-09 13:15:36] UObjectBase::Layers = 0x1A8
[2024-10-09 13:15:36] UObjectBase::MinNetUpdateFrequency = 0x174
[2024-10-09 13:15:36] UObjectBase::TimerHandle_LifeSpanExpired = 0x1A0
[2024-10-09 13:15:36] UObjectBase::OnTakeAnyDamage = 0x1D0
[2024-10-09 13:15:36] UObjectBase::NetCullDistanceSquared = 0x168
[2024-10-09 13:15:36] UObjectBase::OnActorEndOverlap = 0x1D4
[2024-10-09 13:15:36] UObjectBase::NetDormancy = 0x151
[2024-10-09 13:15:36] UObjectBase::NetDriverName = 0x148
[2024-10-09 13:15:36] UObjectBase::NetTag = 0x16C
[2024-10-09 13:15:36] UObjectBase::NetPriority = 0x178
[2024-10-09 13:15:36] UObjectBase::PrimaryActorTick = 0x28
[2024-10-09 13:15:36] UObjectBase::NetUpdateFrequency = 0x170
[2024-10-09 13:15:36] UObjectBase::OnClicked = 0x1D7
[2024-10-09 13:15:36] UObjectBase::OnActorBeginOverlap = 0x1D3
[2024-10-09 13:15:36] UObjectBase::OnActorHit = 0x1DD
[2024-10-09 13:15:36] UObjectBase::StatHitchesData = 0x3A0
[2024-10-09 13:15:36] UObjectBase::OnBeginCursorOver = 0x1D5
[2024-10-09 13:15:36] UObjectBase::OnDestroyed = 0x1DE
[2024-10-09 13:15:36] UObjectBase::OnInputTouchEnter = 0x1DB
[2024-10-09 13:15:36] UObjectBase::bHasAudioFocus = 0xFC
[2024-10-09 13:15:36] UObjectBase::OnEndPlay = 0x1DF
[2024-10-09 13:15:36] UObjectBase::OnInputTouchBegin = 0x1D9
[2024-10-09 13:15:36] UObjectBase::OnInputTouchLeave = 0x1DC
[2024-10-09 13:15:36] UObjectBase::OnReleased = 0x1D8
[2024-10-09 13:15:36] UObjectBase::OnTakeRadialDamage = 0x1D2
[2024-10-09 13:15:36] UObjectBase::Owner = 0x140
[2024-10-09 13:15:36] UObjectBase::ParentComponent = 0x1B8
[2024-10-09 13:15:36] UObjectBase::RayTracingGroupId = 0x6C
[2024-10-09 13:15:36] UObjectBase::ReplicatedComponentsInfo = 0x1F0
[2024-10-09 13:15:36] UObjectBase::ReplicatedMovement = 0xD0
[2024-10-09 13:15:36] UObjectBase::UpdateOverlapsMethodDuringLevelStreaming = 0x5E
[2024-10-09 13:15:36] UObjectBase::ReplicatedSubObjects = 0x1E0
[2024-10-09 13:15:36] UObjectBase::Role = 0x150
[2024-10-09 13:15:36] UObjectBase::RootComponent = 0x198
[2024-10-09 13:15:36] UObjectBase::SpawnCollisionHandlingMethod = 0x152
[2024-10-09 13:15:36] UObjectBase::bNetStartup = 0x58
[2024-10-09 13:15:36] UObjectBase::bActorIsBeingConstructed = 0x5D
[2024-10-09 13:15:36] UObjectBase::bActorBeginningPlayFromLevelStreaming = 0x5C
[2024-10-09 13:15:36] UObjectBase::bAllowReceiveTickEventOnDedicatedServer = 0x5B
[2024-10-09 13:15:36] UObjectBase::bIsMouseOverClient = 0x3AD
[2024-10-09 13:15:36] UObjectBase::bActorEnableCollision = 0x5C
[2024-10-09 13:15:36] UObjectBase::bActorInitialized = 0x5C
[2024-10-09 13:15:36] UObjectBase::bActorIsBeingDestroyed = 0x5D
[2024-10-09 13:15:36] UObjectBase::bActorSeamlessTraveled = 0x5B
[2024-10-09 13:15:36] UObjectBase::bActorWantsDestroyDuringBeginPlay = 0x5D
[2024-10-09 13:15:36] UObjectBase::bAlwaysRelevant = 0x58
[2024-10-09 13:15:36] UObjectBase::bAsyncPhysicsTickEnabled = 0x5D
[2024-10-09 13:15:36] UObjectBase::bAutoDestroyWhenFinished = 0x5A
[2024-10-09 13:15:36] UObjectBase::bBlockInput = 0x5A
[2024-10-09 13:15:36] UObjectBase::bCallPreReplication = 0x58
[2024-10-09 13:15:36] UObjectBase::bCallPreReplicationForReplay = 0x58
[2024-10-09 13:15:36] UObjectBase::bCanBeDamaged = 0x5A
[2024-10-09 13:15:36] UObjectBase::bCanBeInCluster = 0x5B
[2024-10-09 13:15:36] UObjectBase::bCollideWhenPlacing = 0x5A
[2024-10-09 13:15:36] UObjectBase::bHasRegisteredAllComponents = 0x5C
[2024-10-09 13:15:36] UObjectBase::bEnableAutoLODGeneration = 0x5B
[2024-10-09 13:15:36] UObjectBase::bExchangedRoles = 0x59
[2024-10-09 13:15:36] UObjectBase::bGenerateOverlapEventsDuringLevelStreaming = 0x5A
[2024-10-09 13:15:36] UObjectBase::bHasFinishedSpawning = 0x5C
[2024-10-09 13:15:36] UObjectBase::bHidden = 0x58
[2024-10-09 13:15:36] UObjectBase::bIgnoresOriginShifting = 0x5A
[2024-10-09 13:15:36] UObjectBase::bIsEditorOnlyActor = 0x5B
[2024-10-09 13:15:36] UObjectBase::bNetCheckedInitialPhysicsState = 0x5B
[2024-10-09 13:15:36] UObjectBase::bNetLoadOnClient = 0x59
[2024-10-09 13:15:36] UObjectBase::bNetUseOwnerRelevancy = 0x59
[2024-10-09 13:15:36] UObjectBase::bOnlyRelevantToOwner = 0x58
[2024-10-09 13:15:36] UObjectBase::bRelevantForLevelBounds = 0x59
[2024-10-09 13:15:36] UObjectBase::bRelevantForNetworkReplays = 0x59
[2024-10-09 13:15:36] UObjectBase::bReplayRewindable = 0x59
[2024-10-09 13:15:36] UObjectBase::bReplicateMovement = 0x58
[2024-10-09 13:15:36] UObjectBase::bReplicateUsingRegisteredSubObjectList = 0x5B
[2024-10-09 13:15:36] UObjectBase::bReplicates = 0x5B
[2024-10-09 13:15:36] UObjectBase::bRunningUserConstructionScript = 0x5C
[2024-10-09 13:15:36] UObjectBase::bTearOff = 0x59
[2024-10-09 13:15:36] UObjectBase::bTickFunctionsRegistered = 0x5C
[2024-10-09 13:15:36] UObjectBase::ActiveSplitscreenType = 0x70
[2024-10-09 13:15:36] UObjectBase::AudioDeviceHandle = 0xF8
[2024-10-09 13:15:36] UObjectBase::CurrentBufferVisualizationMode = 0x130
[2024-10-09 13:15:36] UObjectBase::CurrentGroomVisualizationMode = 0x150
[2024-10-09 13:15:36] UObjectBase::CurrentLumenVisualizationMode = 0x140
[2024-10-09 13:15:36] UObjectBase::CurrentNaniteVisualizationMode = 0x138
[2024-10-09 13:15:36] UObjectBase::CurrentStrataVisualizationMode = 0x148
[2024-10-09 13:15:36] UObjectBase::CurrentVirtualShadowMapVisualizationMode = 0x158
[2024-10-09 13:15:36] UObjectBase::CursorWidgets = 0x210
[2024-10-09 13:15:36] UObjectBase::DebugProperties = 0x48
[2024-10-09 13:15:36] UObjectBase::GameLayerManagerPtr = 0x120
[2024-10-09 13:15:36] UObjectBase::HardwareCursorCache = 0x170
[2024-10-09 13:15:36] UObjectBase::HardwareCursors = 0x1C0
[2024-10-09 13:15:36] UObjectBase::HighResScreenshotDialog = 0x160
[2024-10-09 13:15:36] UObjectBase::MaxSplitscreenPlayers = 0x68
[2024-10-09 13:15:36] UObjectBase::MouseCaptureMode = 0x3AA
[2024-10-09 13:15:36] UObjectBase::MouseLockMode = 0x3AC
[2024-10-09 13:15:36] UObjectBase::SplitscreenInfo = 0x58
[2024-10-09 13:15:36] UObjectBase::StatUnitData = 0x398
[2024-10-09 13:15:36] UObjectBase::ViewModeIndex = 0xB0
[2024-10-09 13:15:36] UObjectBase::Viewport = 0xE8
[2024-10-09 13:15:36] UObjectBase::ViewportConsole = 0x40
[2024-10-09 13:15:36] UObjectBase::ViewportFrame = 0xF0
[2024-10-09 13:15:36] UObjectBase::ViewportOverlayWidget = 0x110
[2024-10-09 13:15:36] UObjectBase::Window = 0x100
[2024-10-09 13:15:36] UObjectBase::bDisableSplitScreenOverride = 0x3A8
[2024-10-09 13:15:36] UObjectBase::bDisableWorldRendering = 0x6C
[2024-10-09 13:15:36] UObjectBase::bHideCursorDuringCapture = 0x3AB
[2024-10-09 13:15:36] UObjectBase::bIgnoreInput = 0x3A9
[2024-10-09 13:15:36] UObjectBase::bIsPlayInEditorViewport = 0x6C
[2024-10-09 13:15:36] UObjectBase::bShowTitleSafeZone = 0x6C
[2024-10-09 13:15:36] UObjectBase::bSuppressTransitionMessage = 0x88
[2024-10-09 13:15:36] UObjectBase::bUseSoftwareCursorWidgets = 0x260
[2024-10-09 13:15:36] UScriptStruct::StructFlags = 0xB0
[2024-10-09 13:15:36] UScriptStruct::CppStructOps = 0xB8
[2024-10-09 13:15:36] UScriptStruct::bPrepareCppStructOpsCompleted = 0xB4
[2024-10-09 13:15:36] UScriptStruct::ICppStructOps::Alignment = 0xC
[2024-10-09 13:15:36] UScriptStruct::ICppStructOps::Size = 0x8
[2024-10-09 13:15:36] FField::ClassPrivate = 0x8
[2024-10-09 13:15:36] FField::NamePrivate = 0x28
[2024-10-09 13:15:36] FField::FlagsPrivate = 0x30
[2024-10-09 13:15:36] FField::Next = 0x20
[2024-10-09 13:15:36] FField::Owner = 0x10
[2024-10-09 13:15:36] FOutputDevice::bAutoEmitLineTerminator = 0x9
[2024-10-09 13:15:36] FOutputDevice::bSuppressEventTag = 0x8
[2024-10-09 13:15:36] FEnumProperty::Enum = 0x80
[2024-10-09 13:15:36] FEnumProperty::UnderlyingProp = 0x78
[2024-10-09 13:15:36] UStruct::DestructorLink = 0x80
[2024-10-09 13:15:36] UStruct::Children = 0x48
[2024-10-09 13:15:36] UStruct::ChildProperties = 0x50
[2024-10-09 13:15:36] UStruct::PostConstructLink = 0x88
[2024-10-09 13:15:36] UStruct::UnresolvedScriptProperties = 0xA0
[2024-10-09 13:15:36] UStruct::MinAlignment = 0x5C
[2024-10-09 13:15:36] UStruct::PropertiesSize = 0x58
[2024-10-09 13:15:36] UStruct::PropertyLink = 0x70
[2024-10-09 13:15:36] UStruct::RefLink = 0x78
[2024-10-09 13:15:36] UStruct::Script = 0x60
[2024-10-09 13:15:36] UStruct::ScriptAndPropertyObjectReferences = 0x90
[2024-10-09 13:15:36] UStruct::SuperStruct = 0x40
[2024-10-09 13:15:36] UFunction::EventGraphCallOffset = 0xD0
[2024-10-09 13:15:36] UFunction::EventGraphFunction = 0xC8
[2024-10-09 13:15:36] UFunction::RPCId = 0xBA
[2024-10-09 13:15:36] UFunction::FirstPropertyToInit = 0xC0
[2024-10-09 13:15:36] UFunction::Func = 0xD8
[2024-10-09 13:15:36] UFunction::FunctionFlags = 0xB0
[2024-10-09 13:15:36] UFunction::NumParms = 0xB4
[2024-10-09 13:15:36] UFunction::ParmsSize = 0xB6
[2024-10-09 13:15:36] UFunction::RPCResponseId = 0xBC
[2024-10-09 13:15:36] UFunction::ReturnValueOffset = 0xB8
[2024-10-09 13:15:36] UField::Next = 0x28
[2024-10-09 13:15:36] FProperty::ArrayDim = 0x38
[2024-10-09 13:15:36] FProperty::DestructorLinkNext = 0x68
[2024-10-09 13:15:36] FProperty::ElementSize = 0x3C
[2024-10-09 13:15:36] FProperty::NextRef = 0x60
[2024-10-09 13:15:36] FProperty::Offset_Internal = 0x4C
[2024-10-09 13:15:36] FProperty::PostConstructLinkNext = 0x70
[2024-10-09 13:15:36] FProperty::PropertyLinkNext = 0x58
[2024-10-09 13:15:36] FProperty::PropertyFlags = 0x40
[2024-10-09 13:15:36] FProperty::RepIndex = 0x48
[2024-10-09 13:15:36] FProperty::RepNotifyFunc = 0x50
[2024-10-09 13:15:36] UWorld::BlockTillLevelStreamingCompletedEpoch = 0x144
[2024-10-09 13:15:36] UWorld::bAllowAudioPlayback = 0x13E
[2024-10-09 13:15:36] UWorld::ActiveLevelCollectionIndex = 0x190
[2024-10-09 13:15:36] UWorld::AudioTimeSeconds = 0x6C0
[2024-10-09 13:15:36] UWorld::CommittedPersistentLevelName = 0x748
[2024-10-09 13:15:36] UWorld::bInTick = 0x13B
[2024-10-09 13:15:36] UWorld::LWILastAssignedUID = 0x258
[2024-10-09 13:15:36] UWorld::CleanupWorldTag = 0x754
[2024-10-09 13:15:36] UWorld::bTickNewlySpawned = 0x13B
[2024-10-09 13:15:36] UWorld::AuthorityGameMode = 0x150
[2024-10-09 13:15:36] UWorld::DeltaRealTimeSeconds = 0x6C8
[2024-10-09 13:15:36] UWorld::BuildStreamingDataTimer = 0x490
[2024-10-09 13:15:36] UWorld::bPlayersOnly = 0x13D
[2024-10-09 13:15:36] UWorld::DeltaTimeSeconds = 0x6CC
[2024-10-09 13:15:36] UWorld::ExtraReferencedObjects = 0x68
[2024-10-09 13:15:36] UWorld::PreparingLevelNames = 0x738
[2024-10-09 13:15:36] UWorld::IsInBlockTillLevelStreamingCompleted = 0x140
[2024-10-09 13:15:36] UWorld::bIsRunningConstructionScript = 0x13C
[2024-10-09 13:15:36] UWorld::bAllowDeferredPhysicsStateCreation = 0x108
[2024-10-09 13:15:36] UWorld::LastRenderTime = 0x130
[2024-10-09 13:15:36] UWorld::LastTimeUnbuiltLightingWasEncountered = 0x6A0
[2024-10-09 13:15:36] UWorld::bHasEverBeenInitialized = 0x13F
[2024-10-09 13:15:36] UWorld::NextSwitchCountdown = 0x708
[2024-10-09 13:15:36] UWorld::bMaterialParameterCollectionInstanceNeedsDeferredUpdate = 0x13F
[2024-10-09 13:15:36] UWorld::RealTimeSeconds = 0x6B8
[2024-10-09 13:15:36] UWorld::NextURL = 0x728
[2024-10-09 13:15:36] UWorld::NumStreamingLevelsBeingLoaded = 0x722
[2024-10-09 13:15:36] UWorld::PauseDelay = 0x6D0
[2024-10-09 13:15:36] UWorld::PerModuleDataObjects = 0x78
[2024-10-09 13:15:36] UWorld::bIsDefaultLevel = 0x13C
[2024-10-09 13:15:36] UWorld::PlayerNum = 0x660
[2024-10-09 13:15:36] UWorld::bAggressiveLOD = 0x13C
[2024-10-09 13:15:36] UWorld::StreamingLevelsPrefix = 0xC8
[2024-10-09 13:15:36] UWorld::bTriggerPostLoadMap = 0x13B
[2024-10-09 13:15:36] UWorld::bIsLevelStreamingFrozen = 0x13B
[2024-10-09 13:15:36] UWorld::StreamingVolumeUpdateDelay = 0x664
[2024-10-09 13:15:36] UWorld::bIsBuilt = 0x13B
[2024-10-09 13:15:36] UWorld::TimeSeconds = 0x6A8
[2024-10-09 13:15:36] UWorld::UnpausedTimeSeconds = 0x6B0
[2024-10-09 13:15:36] UWorld::bActorsInitialized = 0x13C
[2024-10-09 13:15:36] UWorld::bIsTearingDown = 0x13D
[2024-10-09 13:15:36] UWorld::bAreConstraintsDirty = 0x13E
[2024-10-09 13:15:36] UWorld::bBegunPlay = 0x13D
[2024-10-09 13:15:36] UWorld::bDebugPauseExecution = 0x13D
[2024-10-09 13:15:36] UWorld::bDoDelayedUpdateCullDistanceVolumes = 0x13C
[2024-10-09 13:15:36] UWorld::bRequestedBlockOnAsyncLoading = 0x13C
[2024-10-09 13:15:36] UWorld::bDropDetail = 0x13C
[2024-10-09 13:15:36] UWorld::bMatchStarted = 0x13D
[2024-10-09 13:15:36] UWorld::bIsCameraMoveableWhenPaused = 0x13E
[2024-10-09 13:15:36] UWorld::bShouldSimulatePhysics = 0x13C
[2024-10-09 13:15:36] UWorld::bIsWorldInitialized = 0x13B
[2024-10-09 13:15:36] UWorld::bKismetScriptError = 0x13D
[2024-10-09 13:15:36] UWorld::bMarkedObjectsPendingKill = 0x750
[2024-10-09 13:15:36] UWorld::bWorldWasLoadedThisTick = 0x13B
[2024-10-09 13:15:36] UWorld::bPlayersOnlyPending = 0x13D
[2024-10-09 13:15:36] UWorld::bPostTickComponentUpdate = 0x13B
[2024-10-09 13:15:36] UWorld::bRequiresHitProxies = 0x13E
[2024-10-09 13:15:36] UWorld::bShouldForceUnloadStreamingLevels = 0x13E
[2024-10-09 13:15:36] UWorld::bShouldForceVisibleStreamingLevels = 0x13E
[2024-10-09 13:15:36] UWorld::bShouldTick = 0x13E
[2024-10-09 13:15:36] UWorld::bStartup = 0x13D
[2024-10-09 13:15:36] UWorld::bStreamingDataDirty = 0x13E
[2024-10-09 13:15:36] UClass::bLayoutChanging = 0xD1
[2024-10-09 13:15:36] UClass::ClassWithin = 0xE0
[2024-10-09 13:15:36] UClass::bCooked = 0xD0
[2024-10-09 13:15:36] UClass::ClassConfigName = 0xE8
[2024-10-09 13:15:36] UClass::ClassConstructor = 0xB0
[2024-10-09 13:15:36] UClass::ClassDefaultObject = 0x110
[2024-10-09 13:15:36] UClass::ClassFlags = 0xD4
[2024-10-09 13:15:36] UClass::ClassUnique = 0xC8
[2024-10-09 13:15:36] UClass::ClassVTableHelperCtorCaller = 0xB8
[2024-10-09 13:15:36] UClass::FirstOwnedClassRep = 0xCC
[2024-10-09 13:15:36] UClass::FuncMap = 0x128
[2024-10-09 13:15:36] UClass::Interfaces = 0x1D8
[2024-10-09 13:15:36] UClass::NetFields = 0x100
[2024-10-09 13:15:36] UClass::SparseClassData = 0x118
[2024-10-09 13:15:36] UClass::SparseClassDataStruct = 0x120
[2024-10-09 13:15:36] UClass::SuperFuncMap = 0x180
[2024-10-09 13:15:36] UEnum::CppForm = 0x50
[2024-10-09 13:15:36] UEnum::CppType = 0x30
[2024-10-09 13:15:36] UEnum::EnumDisplayNameFn = 0x58
[2024-10-09 13:15:36] UEnum::Names = 0x40
[2024-10-09 13:15:36] UEnum::EnumFlags_Internal = 0x54
[2024-10-09 13:15:36] UEnum::EnumPackage = 0x60
[2024-10-09 13:15:36] FObjectPropertyBase::PropertyClass = 0x78
[2024-10-09 13:15:36] FDelegateProperty::SignatureFunction = 0x78
[2024-10-09 13:15:36] FMulticastDelegateProperty::SignatureFunction = 0x78
[2024-10-09 13:15:36] FSetProperty::ElementProp = 0x78
[2024-10-09 13:15:36] FStructProperty::Struct = 0x78
[2024-10-09 13:15:36] FArrayProperty::Inner = 0x78
[2024-10-09 13:15:36] FArrayProperty::ArrayFlags = 0x80
[2024-10-09 13:15:36] FMapProperty::KeyProp = 0x78
[2024-10-09 13:15:36] FMapProperty::MapFlags = 0xA0
[2024-10-09 13:15:36] FMapProperty::ValueProp = 0x80
[2024-10-09 13:15:36] FBoolProperty::FieldMask = 0x7B
[2024-10-09 13:15:36] FBoolProperty::ByteMask = 0x7A
[2024-10-09 13:15:36] FBoolProperty::FieldSize = 0x78
[2024-10-09 13:15:36] FBoolProperty::ByteOffset = 0x79
[2024-10-09 13:15:36] FByteProperty::Enum = 0x78
[2024-10-09 13:15:36] FClassProperty::MetaClass = 0x80
[2024-10-09 13:15:36] FSoftClassProperty::MetaClass = 0x80
[2024-10-09 13:15:36] FInterfaceProperty::InterfaceClass = 0x78
[2024-10-09 13:15:36] FFieldPathProperty::PropertyClass = 0x78
[2024-10-09 13:15:36] 
##### MEMBER OFFSETS END #####

[2024-10-09 13:15:36] m_shared_functions: 0x7ffcaab33b60
[2024-10-09 13:15:36] Enabling custom events
[2024-10-09 13:15:36] Starting mods (from mods.txt load order)...
[2024-10-09 13:15:36] Starting Lua mod 'BPML_GenericFunctions'
[2024-10-09 13:15:36] Starting Lua mod 'BPModLoaderMod'
[2024-10-09 13:15:36] [Lua] Mods/BPModLoaderMod/load_order.txt not present or no matching mods, loading all BP mods in random order.[2024-10-09 13:15:36] Starting Lua mod 'CheatManagerEnablerMod'
[2024-10-09 13:15:36] [RegisterHook] Registered native hook (1, 2) for Function /Script/Engine.PlayerController:ClientRestart
[2024-10-09 13:15:36] Mod 'ActorDumperMod' disabled in mods.txt.
[2024-10-09 13:15:36] Starting Lua mod 'ConsoleCommandsMod'
[2024-10-09 13:15:36] Starting Lua mod 'ConsoleEnablerMod'
[2024-10-09 13:15:36] [Lua] [ConsoleEnabler] Was unable to find an instance of UEngine
[2024-10-09 13:15:36] Mod 'SplitScreenMod' disabled in mods.txt.
[2024-10-09 13:15:36] Mod 'LineTraceMod' disabled in mods.txt.
[2024-10-09 13:15:36] Mod 'jsbLuaProfilerMod' disabled in mods.txt.
[2024-10-09 13:15:36] Starting Lua mod 'Keybinds'
[2024-10-09 13:15:36] Starting mods (from enabled.txt, no defined load order)...
[2024-10-09 13:15:36] Mod 'SummonableTraits' has enabled.txt, starting mod.
[2024-10-09 13:15:36] [RegisterHook] Registered native hook (3, 4) for Function /Script/Engine.PlayerController:ClientRestart
[2024-10-09 13:15:36] Event loop start
[2024-10-09 13:15:39] [Lua] [ConsoleEnabler] ConsoleKey[1]: F10
[2024-10-09 13:15:39] [Lua] [CheatManager Creator] Constructed CheatManager [0x1D82787C800]
[2024-10-09 13:15:39] [Lua] [CheatManager Creator] Enabled CheatManager
[2024-10-09 13:15:54] [Lua] [ConsoleEnabler] ConsoleKey[1]: F10
[2024-10-09 13:15:59] [Lua] [CheatManager Creator] Constructed CheatManager [0x1DA930BDB40]
[2024-10-09 13:15:59] [Lua] [CheatManager Creator] Enabled CheatManager
[2024-10-09 13:16:51] Asset loaded
[2024-10-09 13:16:51] Asset loaded
[2024-10-09 13:18:13] Asset loaded
[2024-10-09 13:18:13] Asset loaded
[2024-10-09 13:18:18] Asset loaded
[2024-10-09 13:18:18] Asset loaded
[2024-10-09 13:20:30] [Lua] [ConsoleEnabler] ConsoleKey[1]: F10
[2024-10-09 13:22:04] Asset loaded
[2024-10-09 13:22:04] Asset loaded
[2024-10-09 13:22:04] [Lua] Valid Object: Trait_Leech_C /Game/World_Base/Items/Traits/Core/Leech/Trait_Leech.Default__Trait_Leech_C[2024-10-09 13:22:04] [Lua] Valid Class: BlueprintGeneratedClass /Game/World_Base/Items/Traits/Core/Leech/Trait_Leech.Trait_Leech_C[2024-10-09 13:22:05] Asset loaded
[2024-10-09 13:22:05] [Lua] Summoning Trait: Leech[2024-10-09 13:26:19] Asset loaded
[2024-10-09 13:26:19] Asset loaded
[2024-10-09 13:28:54] Asset loaded
[2024-10-09 13:28:54] Asset loaded
[2024-10-09 13:28:59] Asset loaded
[2024-10-09 13:28:59] Asset loaded
[2024-10-09 13:29:03] Asset loaded
[2024-10-09 13:29:03] Asset loaded
[2024-10-09 13:29:06] Asset loaded
[2024-10-09 13:29:06] Asset loaded
[2024-10-09 13:29:09] Asset loaded
[2024-10-09 13:29:09] Asset loaded
[2024-10-09 13:29:22] Asset loaded
[2024-10-09 13:29:22] Asset loaded
[2024-10-09 13:29:25] Asset loaded
[2024-10-09 13:29:25] Asset loaded
